Files already downloaded and verified
Files already downloaded and verified
torch.Size([100000, 1, 3, 32, 32])
1000
Epoch
0
Epoch time
1685.0265853404999
Epoch 0, Loss 3.7640736072063445
Epoch 0
Selections count 0
Selections(Epoch, batch)
[(0, 0), (0, 1), (0, 2), (0, 3), (0, 4), (0, 5), (0, 6), (0, 7), (0, 8), (0, 9), (0, 10), (0, 11), (0, 12), (0, 13), (0, 14), (0, 15), (0, 16), (0, 17), (0, 18), (0, 19), (0, 20), (0, 21), (0, 22), (0, 23), (0, 24), (0, 25), (0, 26), (0, 27), (0, 28), (0, 29), (0, 30), (0, 31), (0, 32), (0, 33), (0, 34), (0, 35), (0, 36), (0, 37), (0, 38), (0, 39), (0, 40), (0, 41), (0, 42), (0, 43), (0, 44), (0, 45), (0, 46), (0, 47), (0, 48), (0, 49), (0, 50), (0, 51), (0, 52), (0, 53), (0, 54), (0, 55), (0, 56), (0, 57), (0, 58), (0, 59), (0, 60), (0, 61), (0, 62), (0, 63), (0, 64), (0, 65), (0, 66), (0, 67), (0, 68), (0, 69), (0, 70), (0, 71), (0, 72), (0, 73), (0, 74), (0, 75), (0, 76), (0, 77), (0, 78), (0, 79), (0, 80), (0, 81), (0, 82), (0, 83), (0, 84), (0, 85), (0, 86), (0, 87), (0, 88), (0, 89), (0, 90), (0, 91), (0, 92), (0, 93), (0, 94), (0, 95), (0, 96), (0, 97), (0, 98), (0, 99), (0, 100), (0, 101), (0, 102), (0, 103), (0, 104), (0, 105), (0, 106), (0, 107), (0, 108), (0, 109), (0, 110), (0, 111), (0, 112), (0, 113), (0, 114), (0, 115), (0, 116), (0, 117), (0, 118), (0, 119), (0, 120), (0, 121), (0, 122), (0, 123), (0, 124), (0, 125), (0, 126), (0, 127), (0, 128), (0, 129), (0, 130), (0, 131), (0, 132), (0, 133), (0, 134), (0, 135), (0, 136), (0, 137), (0, 138), (0, 139), (0, 140), (0, 141), (0, 142), (0, 143), (0, 144), (0, 145), (0, 146), (0, 147), (0, 148), (0, 149), (0, 150), (0, 151), (0, 152), (0, 153), (0, 154), (0, 155), (0, 156), (0, 157), (0, 158), (0, 159), (0, 160), (0, 161), (0, 162), (0, 163), (0, 164), (0, 165), (0, 166), (0, 167), (0, 168), (0, 169), (0, 170), (0, 171), (0, 172), (0, 173), (0, 174), (0, 175), (0, 176), (0, 177), (0, 178), (0, 179), (0, 180), (0, 181), (0, 182), (0, 183), (0, 184), (0, 185), (0, 186), (0, 187), (0, 188), (0, 189), (0, 190), (0, 191), (0, 192), (0, 193), (0, 194), (0, 195), (0, 196), (0, 197), (0, 198), (0, 199), (0, 200), (0, 201), (0, 202), (0, 203), (0, 204), (0, 205), (0, 206), (0, 207), (0, 208), (0, 209), (0, 210), (0, 211), (0, 212), (0, 213), (0, 214), (0, 215), (0, 216), (0, 217), (0, 218), (0, 219), (0, 220), (0, 221), (0, 222), (0, 223), (0, 224), (0, 225), (0, 226), (0, 227), (0, 228), (0, 229), (0, 230), (0, 231), (0, 232), (0, 233), (0, 234), (0, 235), (0, 236), (0, 237), (0, 238), (0, 239), (0, 240), (0, 241), (0, 242), (0, 243), (0, 244), (0, 245), (0, 246), (0, 247), (0, 248), (0, 249), (0, 250), (0, 251), (0, 252), (0, 253), (0, 254), (0, 255), (0, 256), (0, 257), (0, 258), (0, 259), (0, 260), (0, 261), (0, 262), (0, 263), (0, 264), (0, 265), (0, 266), (0, 267), (0, 268), (0, 269), (0, 270), (0, 271), (0, 272), (0, 273), (0, 274), (0, 275), (0, 276), (0, 277), (0, 278), (0, 279), (0, 280), (0, 281), (0, 282), (0, 283), (0, 284), (0, 285), (0, 286), (0, 287), (0, 288), (0, 289), (0, 290), (0, 291), (0, 292), (0, 293), (0, 294), (0, 295), (0, 296), (0, 297), (0, 298), (0, 299), (0, 300), (0, 301), (0, 302), (0, 303), (0, 304), (0, 305), (0, 306), (0, 307), (0, 308), (0, 309), (0, 310), (0, 311), (0, 312), (0, 313), (0, 314), (0, 315), (0, 316), (0, 317), (0, 318), (0, 319), (0, 320), (0, 321), (0, 322), (0, 323), (0, 324), (0, 325), (0, 326), (0, 327), (0, 328), (0, 329), (0, 330), (0, 331), (0, 332), (0, 333), (0, 334), (0, 335), (0, 336), (0, 337), (0, 338), (0, 339), (0, 340), (0, 341), (0, 342), (0, 343), (0, 344), (0, 345), (0, 346), (0, 347), (0, 348), (0, 349), (0, 350), (0, 351), (0, 352), (0, 353), (0, 354), (0, 355), (0, 356), (0, 357), (0, 358), (0, 359), (0, 360), (0, 361), (0, 362), (0, 363), (0, 364), (0, 365), (0, 366), (0, 367), (0, 368), (0, 369), (0, 370), (0, 371), (0, 372), (0, 373), (0, 374), (0, 375), (0, 376), (0, 377), (0, 378), (0, 379), (0, 380), (0, 381), (0, 382), (0, 383), (0, 384), (0, 385), (0, 386), (0, 387), (0, 388), (0, 389), (0, 390), (0, 391), (0, 392), (0, 393), (0, 394), (0, 395), (0, 396), (0, 397), (0, 398), (0, 399), (0, 400), (0, 401), (0, 402), (0, 403), (0, 404), (0, 405), (0, 406), (0, 407), (0, 408), (0, 409), (0, 410), (0, 411), (0, 412), (0, 413), (0, 414), (0, 415), (0, 416), (0, 417), (0, 418), (0, 419), (0, 420), (0, 421), (0, 422), (0, 423), (0, 424), (0, 425), (0, 426), (0, 427), (0, 428), (0, 429), (0, 430), (0, 431), (0, 432), (0, 433), (0, 434), (0, 435), (0, 436), (0, 437), (0, 438), (0, 439), (0, 440), (0, 441), (0, 442), (0, 443), (0, 444), (0, 445), (0, 446), (0, 447), (0, 448), (0, 449), (0, 450), (0, 451), (0, 452), (0, 453), (0, 454), (0, 455), (0, 456), (0, 457), (0, 458), (0, 459), (0, 460), (0, 461), (0, 806), (0, 463), (0, 464), (0, 981), (0, 466), (0, 467), (0, 468), (0, 469), (0, 470), (0, 988), (0, 472), (0, 939), (0, 474), (0, 970), (0, 476), (0, 477), (0, 478), (0, 479), (0, 480), (0, 481), (0, 482), (0, 483), (0, 865), (0, 936), (0, 486), (0, 766), (0, 488), (0, 489), (0, 490), (0, 491), (0, 492), (0, 978), (0, 998), (0, 746), (0, 905), (0, 497), (0, 498), (0, 897), (0, 966), (0, 501), (0, 502), (0, 831), (0, 504), (0, 505), (0, 829), (0, 507), (0, 508), (0, 994), (0, 827), (0, 813), (0, 822), (0, 920), (0, 819), (0, 515), (0, 853), (0, 517), (0, 518), (0, 810), (0, 817), (0, 863), (0, 522), (0, 825), (0, 964), (0, 908), (0, 821), (0, 527), (0, 811), (0, 846), (0, 530), (0, 531), (0, 532), (0, 533), (0, 850), (0, 888), (0, 536), (0, 537), (0, 538), (0, 539), (0, 933), (0, 541), (0, 841), (0, 815), (0, 544), (0, 545), (0, 833), (0, 547), (0, 548), (0, 549), (0, 550), (0, 907), (0, 552), (0, 553), (0, 896), (0, 947), (0, 556), (0, 816), (0, 847), (0, 559), (0, 844), (0, 561), (0, 562), (0, 563), (0, 564), (0, 809), (0, 566), (0, 826), (0, 568), (0, 569), (0, 808), (0, 571), (0, 954), (0, 573), (0, 574), (0, 735), (0, 722), (0, 577), (0, 578), (0, 761), (0, 580), (0, 990), (0, 582), (0, 800), (0, 788), (0, 767), (0, 586), (0, 587), (0, 971), (0, 589), (0, 590), (0, 591), (0, 914), (0, 593), (0, 594), (0, 938), (0, 909), (0, 870), (0, 968), (0, 967), (0, 600), (0, 700), (0, 602), (0, 945), (0, 744), (0, 605), (0, 606), (0, 885), (0, 608), (0, 760), (0, 764), (0, 611), (0, 612), (0, 754), (0, 876), (0, 915), (0, 787), (0, 785), (0, 618), (0, 918), (0, 620), (0, 621), (0, 622), (0, 892), (0, 880), (0, 625), (0, 626), (0, 976), (0, 706), (0, 755), (0, 931), (0, 985), (0, 632), (0, 633), (0, 854), (0, 972), (0, 999), (0, 986), (0, 731), (0, 956), (0, 943), (0, 641), (0, 984), (0, 749), (0, 769), (0, 975), (0, 969), (0, 849), (0, 960), (0, 649), (0, 650), (0, 866), (0, 759), (0, 852), (0, 743), (0, 932), (0, 855), (0, 898), (0, 658), (0, 659), (0, 991), (0, 661), (0, 662), (0, 663), (0, 934), (0, 916), (0, 884), (0, 891), (0, 668), (0, 669), (0, 930), (0, 910), (0, 993), (0, 872), (0, 840), (0, 675), (0, 770), (0, 677), (0, 678), (0, 835), (0, 781), (0, 681), (0, 682), (0, 683), (0, 834), (0, 729), (0, 768), (0, 963), (0, 748), (0, 996), (0, 762), (0, 691), (0, 692), (0, 753), (0, 786), (0, 742), (0, 726), (0, 721), (0, 711), (0, 701)]
Residuals
[3.365178300501426e-15]
0
[0, 1, 2, 3, 4, 5, 6, 7, 8, 9, 10, 11, 12, 13, 14, 15, 16, 17, 18, 19, 20, 21, 22, 23, 24, 25, 26, 27, 28, 29, 30, 31, 32, 33, 34, 35, 36, 37, 38, 39, 40, 41, 42, 43, 44, 45, 46, 47, 48, 49, 50, 51, 52, 53, 54, 55, 56, 57, 58, 59, 60, 61, 62, 63, 64, 65, 66, 67, 68, 69, 70, 71, 72, 73, 74, 75, 76, 77, 78, 79, 80, 81, 82, 83, 84, 85, 86, 87, 88, 89, 90, 91, 92, 93, 94, 95, 96, 97, 98, 99, 100, 101, 102, 103, 104, 105, 106, 107, 108, 109, 110, 111, 112, 113, 114, 115, 116, 117, 118, 119, 120, 121, 122, 123, 124, 125, 126, 127, 128, 129, 130, 131, 132, 133, 134, 135, 136, 137, 138, 139, 140, 141, 142, 143, 144, 145, 146, 147, 148, 149, 150, 151, 152, 153, 154, 155, 156, 157, 158, 159, 160, 161, 162, 163, 164, 165, 166, 167, 168, 169, 170, 171, 172, 173, 174, 175, 176, 177, 178, 179, 180, 181, 182, 183, 184, 185, 186, 187, 188, 189, 190, 191, 192, 193, 194, 195, 196, 197, 198, 199, 200, 201, 202, 203, 204, 205, 206, 207, 208, 209, 210, 211, 212, 213, 214, 215, 216, 217, 218, 219, 220, 221, 222, 223, 224, 225, 226, 227, 228, 229, 230, 231, 232, 233, 234, 235, 236, 237, 238, 239, 240, 241, 242, 243, 244, 245, 246, 247, 248, 249, 250, 251, 252, 253, 254, 255, 256, 257, 258, 259, 260, 261, 262, 263, 264, 265, 266, 267, 268, 269, 270, 271, 272, 273, 274, 275, 276, 277, 278, 279, 280, 281, 282, 283, 284, 285, 286, 287, 288, 289, 290, 291, 292, 293, 294, 295, 296, 297, 298, 299, 300, 301, 302, 303, 304, 305, 306, 307, 308, 309, 310, 311, 312, 313, 314, 315, 316, 317, 318, 319, 320, 321, 322, 323, 324, 325, 326, 327, 328, 329, 330, 331, 332, 333, 334, 335, 336, 337, 338, 339, 340, 341, 342, 343, 344, 345, 346, 347, 348, 349, 350, 351, 352, 353, 354, 355, 356, 357, 358, 359, 360, 361, 362, 363, 364, 365, 366, 367, 368, 369, 370, 371, 372, 373, 374, 375, 376, 377, 378, 379, 380, 381, 382, 383, 384, 385, 386, 387, 388, 389, 390, 391, 392, 393, 394, 395, 396, 397, 398, 399, 400, 401, 402, 403, 404, 405, 406, 407, 408, 409, 410, 411, 412, 413, 414, 415, 416, 417, 418, 419, 420, 421, 422, 423, 424, 425, 426, 427, 428, 429, 430, 431, 432, 433, 434, 435, 436, 437, 438, 439, 440, 441, 442, 443, 444, 445, 446, 447, 448, 449, 450, 451, 452, 453, 454, 455, 456, 457, 458, 459, 460, 461, 806, 463, 464, 981, 466, 467, 468, 469, 470, 988, 472, 939, 474, 970, 476, 477, 478, 479, 480, 481, 482, 483, 865, 936, 486, 766, 488, 489, 490, 491, 492, 978, 998, 746, 905, 497, 498, 897, 966, 501, 502, 831, 504, 505, 829, 507, 508, 994, 827, 813, 822, 920, 819, 515, 853, 517, 518, 810, 817, 863, 522, 825, 964, 908, 821, 527, 811, 846, 530, 531, 532, 533, 850, 888, 536, 537, 538, 539, 933, 541, 841, 815, 544, 545, 833, 547, 548, 549, 550, 907, 552, 553, 896, 947, 556, 816, 847, 559, 844, 561, 562, 563, 564, 809, 566, 826, 568, 569, 808, 571, 954, 573, 574, 735, 722, 577, 578, 761, 580, 990, 582, 800, 788, 767, 586, 587, 971, 589, 590, 591, 914, 593, 594, 938, 909, 870, 968, 967, 600, 700, 602, 945, 744, 605, 606, 885, 608, 760, 764, 611, 612, 754, 876, 915, 787, 785, 618, 918, 620, 621, 622, 892, 880, 625, 626, 976, 706, 755, 931, 985, 632, 633, 854, 972, 999, 986, 731, 956, 943, 641, 984, 749, 769, 975, 969, 849, 960, 649, 650, 866, 759, 852, 743, 932, 855, 898, 658, 659, 991, 661, 662, 663, 934, 916, 884, 891, 668, 669, 930, 910, 993, 872, 840, 675, 770, 677, 678, 835, 781, 681, 682, 683, 834, 729, 768, 963, 748, 996, 762, 691, 692, 753, 786, 742, 726, 721, 711, 701]
Epoch
1
Epoch time
129.90892434120178
Epoch 1, Loss 2.997300209760666
Epoch
2
Epoch time
127.35801911354065
Epoch 2, Loss 2.582814917445183
Epoch
3
Epoch time
129.25774335861206
Epoch 3, Loss 2.257404965877533
Epoch
4
Epoch time
128.47468614578247
Epoch 4, Loss 1.9900825238227844
Epoch
5
Epoch time
129.38205671310425
Epoch 5, Loss 1.7458752770423889
Epoch
6
Epoch time
129.22411441802979
Epoch 6, Loss 1.5192846799492836
Epoch
7
Epoch time
129.55943751335144
Epoch 7, Loss 1.2947942924499511
Epoch
8
Epoch time
122.99488115310669
Epoch 8, Loss 1.0596206277906894
Epoch
9
Epoch time
130.4976189136505
Epoch 9, Loss 0.8542780500203371
Epoch
10
Epoch time
130.02873301506042
Epoch 10, Loss 0.6413929416537285
Epoch
11
Epoch time
130.10966563224792
Epoch 11, Loss 0.46082395166903733
Epoch
12
Epoch time
131.25021767616272
Epoch 12, Loss 0.3389299631640315
Epoch
13
Epoch time
130.02038383483887
Epoch 13, Loss 0.24288579532690346
Epoch
14
Epoch time
129.38528633117676
Epoch 14, Loss 0.1686797532737255
Epoch
15
Epoch time
131.61586022377014
Epoch 15, Loss 0.12609483984857797
Epoch
16
Epoch time
129.8645269870758
Epoch 16, Loss 0.09973535913974046
Epoch
17
Epoch time
129.76201248168945
Epoch 17, Loss 0.07879287837306037
Epoch
18
Epoch time
130.95834946632385
Epoch 18, Loss 0.0540916964301141
Epoch
19
Epoch time
131.0797679424286
Epoch 19, Loss 0.03399717739340849
Epoch
20
Epoch time
1690.277429819107
Epoch 20, Loss 0.018902421756240073
Epoch 20
Selections count 700
Selections(Epoch, batch)
[(20, 0), (20, 1), (20, 2), (20, 3), (20, 4), (20, 5), (20, 6), (20, 7), (20, 8), (20, 9), (20, 10), (20, 11), (20, 12), (20, 13), (20, 14), (20, 15), (20, 16), (20, 17), (20, 18), (20, 19), (20, 20), (20, 21), (20, 22), (20, 23), (20, 24), (20, 25), (20, 26), (20, 27), (20, 28), (20, 29), (20, 30), (20, 31), (20, 32), (20, 33), (20, 34), (20, 35), (20, 36), (20, 37), (20, 38), (20, 39), (20, 40), (20, 41), (20, 42), (20, 43), (20, 44), (20, 45), (20, 46), (20, 47), (20, 48), (20, 49), (20, 50), (20, 51), (20, 52), (20, 53), (20, 54), (20, 55), (20, 56), (20, 57), (20, 58), (20, 59), (20, 60), (20, 61), (20, 62), (20, 63), (20, 64), (20, 65), (20, 66), (20, 67), (20, 68), (20, 69), (20, 70), (20, 71), (20, 72), (20, 73), (20, 74), (20, 75), (20, 76), (20, 77), (20, 78), (20, 79), (20, 80), (20, 81), (20, 82), (20, 83), (20, 84), (20, 85), (20, 86), (20, 87), (20, 88), (20, 89), (20, 90), (20, 91), (20, 92), (20, 93), (20, 94), (20, 95), (20, 96), (20, 97), (20, 98), (20, 99), (20, 100), (20, 101), (20, 102), (20, 103), (20, 104), (20, 105), (20, 106), (20, 107), (20, 108), (20, 109), (20, 110), (20, 111), (20, 112), (20, 113), (20, 114), (20, 115), (20, 116), (20, 117), (20, 118), (20, 119), (20, 120), (20, 121), (20, 122), (20, 123), (20, 124), (20, 125), (20, 126), (20, 127), (20, 128), (20, 129), (20, 130), (20, 131), (20, 132), (20, 133), (20, 134), (20, 135), (20, 136), (20, 137), (20, 138), (20, 139), (20, 140), (20, 141), (20, 142), (20, 143), (20, 144), (20, 145), (20, 146), (20, 147), (20, 148), (20, 149), (20, 150), (20, 151), (20, 152), (20, 153), (20, 154), (20, 155), (20, 156), (20, 157), (20, 158), (20, 159), (20, 160), (20, 161), (20, 162), (20, 163), (20, 164), (20, 165), (20, 166), (20, 167), (20, 168), (20, 169), (20, 170), (20, 171), (20, 172), (20, 173), (20, 174), (20, 175), (20, 176), (20, 177), (20, 178), (20, 179), (20, 180), (20, 181), (20, 182), (20, 183), (20, 184), (20, 185), (20, 186), (20, 187), (20, 188), (20, 189), (20, 190), (20, 191), (20, 192), (20, 193), (20, 194), (20, 195), (20, 196), (20, 197), (20, 198), (20, 199), (20, 200), (20, 201), (20, 202), (20, 203), (20, 204), (20, 205), (20, 206), (20, 207), (20, 208), (20, 209), (20, 210), (20, 211), (20, 212), (20, 213), (20, 214), (20, 215), (20, 216), (20, 217), (20, 218), (20, 219), (20, 220), (20, 221), (20, 222), (20, 223), (20, 224), (20, 225), (20, 226), (20, 227), (20, 228), (20, 229), (20, 230), (20, 231), (20, 232), (20, 233), (20, 234), (20, 235), (20, 236), (20, 237), (20, 238), (20, 239), (20, 240), (20, 241), (20, 242), (20, 243), (20, 244), (20, 245), (20, 246), (20, 247), (20, 248), (20, 249), (20, 250), (20, 251), (20, 252), (20, 253), (20, 254), (20, 255), (20, 256), (20, 257), (20, 258), (20, 259), (20, 260), (20, 261), (20, 262), (20, 263), (20, 264), (20, 265), (20, 266), (20, 267), (20, 268), (20, 269), (20, 270), (20, 271), (20, 272), (20, 273), (20, 274), (20, 275), (20, 276), (20, 277), (20, 278), (20, 279), (20, 280), (20, 281), (20, 282), (20, 283), (20, 284), (20, 285), (20, 286), (20, 287), (20, 288), (20, 289), (20, 290), (20, 291), (20, 292), (20, 293), (20, 294), (20, 295), (20, 296), (20, 297), (20, 298), (20, 299), (20, 300), (20, 301), (20, 302), (20, 303), (20, 304), (20, 305), (20, 306), (20, 307), (20, 308), (20, 309), (20, 310), (20, 311), (20, 312), (20, 313), (20, 314), (20, 315), (20, 316), (20, 317), (20, 318), (20, 319), (20, 320), (20, 321), (20, 322), (20, 323), (20, 324), (20, 325), (20, 326), (20, 327), (20, 328), (20, 329), (20, 330), (20, 331), (20, 332), (20, 333), (20, 334), (20, 335), (20, 336), (20, 337), (20, 338), (20, 339), (20, 340), (20, 341), (20, 342), (20, 343), (20, 344), (20, 345), (20, 346), (20, 347), (20, 348), (20, 349), (20, 350), (20, 351), (20, 352), (20, 353), (20, 354), (20, 355), (20, 356), (20, 357), (20, 358), (20, 359), (20, 360), (20, 361), (20, 362), (20, 363), (20, 364), (20, 365), (20, 366), (20, 367), (20, 368), (20, 369), (20, 370), (20, 371), (20, 372), (20, 373), (20, 374), (20, 375), (20, 376), (20, 377), (20, 378), (20, 379), (20, 380), (20, 381), (20, 382), (20, 383), (20, 384), (20, 385), (20, 386), (20, 387), (20, 388), (20, 389), (20, 390), (20, 391), (20, 392), (20, 393), (20, 394), (20, 395), (20, 396), (20, 397), (20, 398), (20, 399), (20, 400), (20, 401), (20, 402), (20, 403), (20, 404), (20, 405), (20, 406), (20, 407), (20, 408), (20, 409), (20, 410), (20, 411), (20, 412), (20, 413), (20, 414), (20, 415), (20, 416), (20, 417), (20, 418), (20, 419), (20, 420), (20, 421), (20, 422), (20, 423), (20, 424), (20, 425), (20, 426), (20, 427), (20, 428), (20, 429), (20, 430), (20, 431), (20, 432), (20, 433), (20, 434), (20, 435), (20, 436), (20, 437), (20, 438), (20, 439), (20, 440), (20, 441), (20, 442), (20, 443), (20, 444), (20, 445), (20, 446), (20, 447), (20, 448), (20, 449), (20, 450), (20, 451), (20, 452), (20, 453), (20, 454), (20, 455), (20, 456), (20, 457), (20, 458), (20, 459), (20, 460), (20, 461), (20, 949), (20, 463), (20, 464), (20, 981), (20, 466), (20, 667), (20, 543), (20, 469), (20, 470), (20, 988), (20, 472), (20, 939), (20, 474), (20, 970), (20, 877), (20, 615), (20, 478), (20, 479), (20, 480), (20, 481), (20, 482), (20, 943), (20, 865), (20, 936), (20, 486), (20, 766), (20, 488), (20, 782), (20, 490), (20, 491), (20, 859), (20, 978), (20, 998), (20, 746), (20, 905), (20, 703), (20, 498), (20, 643), (20, 917), (20, 670), (20, 671), (20, 709), (20, 504), (20, 653), (20, 818), (20, 728), (20, 508), (20, 994), (20, 827), (20, 613), (20, 822), (20, 646), (20, 819), (20, 523), (20, 927), (20, 686), (20, 518), (20, 810), (20, 707), (20, 863), (20, 634), (20, 465), (20, 964), (20, 617), (20, 821), (20, 527), (20, 811), (20, 846), (20, 530), (20, 485), (20, 741), (20, 533), (20, 690), (20, 997), (20, 536), (20, 732), (20, 538), (20, 539), (20, 933), (20, 937), (20, 841), (20, 598), (20, 544), (20, 793), (20, 833), (20, 547), (20, 548), (20, 549), (20, 550), (20, 871), (20, 956), (20, 553), (20, 896), (20, 947), (20, 556), (20, 524), (20, 693), (20, 559), (20, 844), (20, 561), (20, 991), (20, 942), (20, 564), (20, 809), (20, 990), (20, 623), (20, 965), (20, 569), (20, 808), (20, 571), (20, 710), (20, 804), (20, 657), (20, 735), (20, 987), (20, 999), (20, 902), (20, 493), (20, 580), (20, 740), (20, 983), (20, 800), (20, 838), (20, 767), (20, 982), (20, 959), (20, 971), (20, 589), (20, 639), (20, 944), (20, 750), (20, 906), (20, 904), (20, 938), (20, 736), (20, 870), (20, 968), (20, 967), (20, 600), (20, 700), (20, 602), (20, 745), (20, 744), (20, 805), (20, 845), (20, 900), (20, 608), (20, 698), (20, 725), (20, 792), (20, 747), (20, 797), (20, 876), (20, 915), (20, 696), (20, 785), (20, 980), (20, 918), (20, 895), (20, 894), (20, 887), (20, 789), (20, 880), (20, 535), (20, 626), (20, 837), (20, 706), (20, 656), (20, 903), (20, 471), (20, 794), (20, 633), (20, 665), (20, 771), (20, 780), (20, 986), (20, 688), (20, 836), (20, 824), (20, 635), (20, 948), (20, 702), (20, 607), (20, 796), (20, 655), (20, 784), (20, 525), (20, 886), (20, 697), (20, 733), (20, 500), (20, 737), (20, 654), (20, 758), (20, 674), (20, 856), (20, 640), (20, 659), (20, 951), (20, 645), (20, 636), (20, 648), (20, 928), (20, 673), (20, 884), (20, 631), (20, 603), (20, 610), (20, 795), (20, 718), (20, 462), (20, 878), (20, 546), (20, 588), (20, 708), (20, 475), (20, 995), (20, 924), (20, 781), (20, 581), (20, 881), (20, 570), (20, 572), (20, 729), (20, 560), (20, 664), (20, 526), (20, 514), (20, 630), (20, 691), (20, 692), (20, 783), (20, 555), (20, 567), (20, 494), (20, 499), (20, 830), (20, 802)]
Residuals
[3.365178300501426e-15, 1.9430243552673234e-15]
20
[0, 1, 2, 3, 4, 5, 6, 7, 8, 9, 10, 11, 12, 13, 14, 15, 16, 17, 18, 19, 20, 21, 22, 23, 24, 25, 26, 27, 28, 29, 30, 31, 32, 33, 34, 35, 36, 37, 38, 39, 40, 41, 42, 43, 44, 45, 46, 47, 48, 49, 50, 51, 52, 53, 54, 55, 56, 57, 58, 59, 60, 61, 62, 63, 64, 65, 66, 67, 68, 69, 70, 71, 72, 73, 74, 75, 76, 77, 78, 79, 80, 81, 82, 83, 84, 85, 86, 87, 88, 89, 90, 91, 92, 93, 94, 95, 96, 97, 98, 99, 100, 101, 102, 103, 104, 105, 106, 107, 108, 109, 110, 111, 112, 113, 114, 115, 116, 117, 118, 119, 120, 121, 122, 123, 124, 125, 126, 127, 128, 129, 130, 131, 132, 133, 134, 135, 136, 137, 138, 139, 140, 141, 142, 143, 144, 145, 146, 147, 148, 149, 150, 151, 152, 153, 154, 155, 156, 157, 158, 159, 160, 161, 162, 163, 164, 165, 166, 167, 168, 169, 170, 171, 172, 173, 174, 175, 176, 177, 178, 179, 180, 181, 182, 183, 184, 185, 186, 187, 188, 189, 190, 191, 192, 193, 194, 195, 196, 197, 198, 199, 200, 201, 202, 203, 204, 205, 206, 207, 208, 209, 210, 211, 212, 213, 214, 215, 216, 217, 218, 219, 220, 221, 222, 223, 224, 225, 226, 227, 228, 229, 230, 231, 232, 233, 234, 235, 236, 237, 238, 239, 240, 241, 242, 243, 244, 245, 246, 247, 248, 249, 250, 251, 252, 253, 254, 255, 256, 257, 258, 259, 260, 261, 262, 263, 264, 265, 266, 267, 268, 269, 270, 271, 272, 273, 274, 275, 276, 277, 278, 279, 280, 281, 282, 283, 284, 285, 286, 287, 288, 289, 290, 291, 292, 293, 294, 295, 296, 297, 298, 299, 300, 301, 302, 303, 304, 305, 306, 307, 308, 309, 310, 311, 312, 313, 314, 315, 316, 317, 318, 319, 320, 321, 322, 323, 324, 325, 326, 327, 328, 329, 330, 331, 332, 333, 334, 335, 336, 337, 338, 339, 340, 341, 342, 343, 344, 345, 346, 347, 348, 349, 350, 351, 352, 353, 354, 355, 356, 357, 358, 359, 360, 361, 362, 363, 364, 365, 366, 367, 368, 369, 370, 371, 372, 373, 374, 375, 376, 377, 378, 379, 380, 381, 382, 383, 384, 385, 386, 387, 388, 389, 390, 391, 392, 393, 394, 395, 396, 397, 398, 399, 400, 401, 402, 403, 404, 405, 406, 407, 408, 409, 410, 411, 412, 413, 414, 415, 416, 417, 418, 419, 420, 421, 422, 423, 424, 425, 426, 427, 428, 429, 430, 431, 432, 433, 434, 435, 436, 437, 438, 439, 440, 441, 442, 443, 444, 445, 446, 447, 448, 449, 450, 451, 452, 453, 454, 455, 456, 457, 458, 459, 460, 461, 949, 463, 464, 981, 466, 667, 543, 469, 470, 988, 472, 939, 474, 970, 877, 615, 478, 479, 480, 481, 482, 943, 865, 936, 486, 766, 488, 782, 490, 491, 859, 978, 998, 746, 905, 703, 498, 643, 917, 670, 671, 709, 504, 653, 818, 728, 508, 994, 827, 613, 822, 646, 819, 523, 927, 686, 518, 810, 707, 863, 634, 465, 964, 617, 821, 527, 811, 846, 530, 485, 741, 533, 690, 997, 536, 732, 538, 539, 933, 937, 841, 598, 544, 793, 833, 547, 548, 549, 550, 871, 956, 553, 896, 947, 556, 524, 693, 559, 844, 561, 991, 942, 564, 809, 990, 623, 965, 569, 808, 571, 710, 804, 657, 735, 987, 999, 902, 493, 580, 740, 983, 800, 838, 767, 982, 959, 971, 589, 639, 944, 750, 906, 904, 938, 736, 870, 968, 967, 600, 700, 602, 745, 744, 805, 845, 900, 608, 698, 725, 792, 747, 797, 876, 915, 696, 785, 980, 918, 895, 894, 887, 789, 880, 535, 626, 837, 706, 656, 903, 471, 794, 633, 665, 771, 780, 986, 688, 836, 824, 635, 948, 702, 607, 796, 655, 784, 525, 886, 697, 733, 500, 737, 654, 758, 674, 856, 640, 659, 951, 645, 636, 648, 928, 673, 884, 631, 603, 610, 795, 718, 462, 878, 546, 588, 708, 475, 995, 924, 781, 581, 881, 570, 572, 729, 560, 664, 526, 514, 630, 691, 692, 783, 555, 567, 494, 499, 830, 802]
Epoch
21
Epoch time
131.2485809326172
Epoch 21, Loss 0.004210214005623129
Epoch
22
Epoch time
129.364577293396
Epoch 22, Loss 0.0006725432065286441
Epoch
23
Epoch time
132.60690307617188
Epoch 23, Loss 0.0003030149330952554
Epoch
24
Epoch time
130.76159071922302
Epoch 24, Loss 0.0002398845537136367
Epoch
25
Epoch time
129.92694997787476
Epoch 25, Loss 0.00020334725625798455
Epoch
26
Epoch time
130.36896204948425
Epoch 26, Loss 0.00017828111871131115
Epoch
27
Epoch time
123.90710377693176
Epoch 27, Loss 0.0001596097198635107
Epoch
28
Epoch time
114.7391586303711
Epoch 28, Loss 0.00014500023909931768
Epoch
29
Epoch time
111.92006206512451
Epoch 29, Loss 0.00013317979001658387
Epoch
30
Epoch time
113.374582529068
Epoch 30, Loss 0.0001233496173772437
Epoch
31
Epoch time
112.46263718605042
Epoch 31, Loss 0.00011505477051105118
Epoch
32
Epoch time
112.7410740852356
Epoch 32, Loss 0.0001079119225651084
Epoch
33
Epoch time
111.1189022064209
Epoch 33, Loss 0.00010170064377598465
Epoch
34
Epoch time
113.69622564315796
Epoch 34, Loss 9.622887145633285e-05
Epoch
35
Epoch time
109.25092220306396
Epoch 35, Loss 9.13708551597665e-05
Epoch
36
Epoch time
111.91022491455078
Epoch 36, Loss 8.702428832839359e-05
Epoch
37
Epoch time
114.86524224281311
Epoch 37, Loss 8.309868366268347e-05
Epoch
38
Epoch time
109.08788919448853
Epoch 38, Loss 7.954658036942419e-05
Epoch
39
Epoch time
109.3186902999878
Epoch 39, Loss 7.630521943428903e-05
Epoch
40
Epoch time
1654.0928220748901
Epoch 40, Loss 7.333611919966643e-05
Epoch 40
Selections count 700
Selections(Epoch, batch)
[(40, 0), (40, 1), (40, 2), (40, 3), (40, 4), (40, 5), (40, 6), (40, 7), (40, 8), (40, 9), (40, 10), (40, 11), (40, 12), (40, 13), (40, 14), (40, 15), (40, 16), (40, 17), (40, 18), (40, 19), (40, 20), (40, 21), (40, 22), (40, 23), (40, 24), (40, 25), (40, 26), (40, 27), (40, 28), (40, 29), (40, 30), (40, 31), (40, 32), (40, 33), (40, 34), (40, 35), (40, 36), (40, 37), (40, 38), (40, 39), (40, 40), (40, 41), (40, 42), (40, 43), (40, 44), (40, 45), (40, 46), (40, 47), (40, 48), (40, 49), (40, 50), (40, 51), (40, 52), (40, 53), (40, 54), (40, 55), (40, 56), (40, 57), (40, 58), (40, 59), (40, 60), (40, 61), (40, 62), (40, 63), (40, 64), (40, 65), (40, 66), (40, 67), (40, 68), (40, 69), (40, 70), (40, 71), (40, 72), (40, 73), (40, 74), (40, 75), (40, 76), (40, 77), (40, 78), (40, 79), (40, 80), (40, 81), (40, 82), (40, 83), (40, 84), (40, 85), (40, 86), (40, 87), (40, 88), (40, 89), (40, 90), (40, 91), (40, 92), (40, 93), (40, 94), (40, 95), (40, 96), (40, 97), (40, 98), (40, 99), (40, 100), (40, 101), (40, 102), (40, 103), (40, 104), (40, 105), (40, 106), (40, 107), (40, 108), (40, 109), (40, 110), (40, 111), (40, 112), (40, 113), (40, 114), (40, 115), (40, 116), (40, 117), (40, 118), (40, 119), (40, 120), (40, 121), (40, 122), (40, 123), (40, 124), (40, 125), (40, 126), (40, 127), (40, 128), (40, 129), (40, 130), (40, 131), (40, 132), (40, 133), (40, 134), (40, 135), (40, 136), (40, 137), (40, 138), (40, 139), (40, 140), (40, 141), (40, 142), (40, 143), (40, 144), (40, 145), (40, 146), (40, 147), (40, 148), (40, 149), (40, 150), (40, 151), (40, 152), (40, 153), (40, 154), (40, 155), (40, 156), (40, 157), (40, 158), (40, 159), (40, 160), (40, 161), (40, 162), (40, 163), (40, 164), (40, 165), (40, 166), (40, 167), (40, 168), (40, 169), (40, 170), (40, 171), (40, 172), (40, 173), (40, 174), (40, 175), (40, 176), (40, 177), (40, 178), (40, 179), (40, 180), (40, 181), (40, 182), (40, 183), (40, 184), (40, 185), (40, 186), (40, 187), (40, 188), (40, 189), (40, 190), (40, 191), (40, 192), (40, 193), (40, 194), (40, 195), (40, 196), (40, 197), (40, 198), (40, 199), (40, 200), (40, 201), (40, 202), (40, 203), (40, 204), (40, 205), (40, 206), (40, 207), (40, 208), (40, 209), (40, 210), (40, 211), (40, 212), (40, 213), (40, 214), (40, 215), (40, 216), (40, 217), (40, 218), (40, 219), (40, 220), (40, 221), (40, 222), (40, 223), (40, 224), (40, 225), (40, 226), (40, 227), (40, 228), (40, 229), (40, 230), (40, 231), (40, 232), (40, 233), (40, 234), (40, 235), (40, 236), (40, 237), (40, 238), (40, 239), (40, 240), (40, 241), (40, 242), (40, 243), (40, 244), (40, 245), (40, 246), (40, 247), (40, 248), (40, 249), (40, 250), (40, 251), (40, 252), (40, 253), (40, 254), (40, 255), (40, 256), (40, 257), (40, 258), (40, 259), (40, 260), (40, 261), (40, 262), (40, 263), (40, 264), (40, 265), (40, 266), (40, 267), (40, 268), (40, 269), (40, 270), (40, 271), (40, 272), (40, 273), (40, 274), (40, 275), (40, 276), (40, 277), (40, 278), (40, 279), (40, 280), (40, 281), (40, 282), (40, 283), (40, 284), (40, 285), (40, 286), (40, 287), (40, 288), (40, 289), (40, 290), (40, 291), (40, 292), (40, 293), (40, 294), (40, 295), (40, 296), (40, 297), (40, 298), (40, 299), (40, 300), (40, 301), (40, 302), (40, 303), (40, 304), (40, 305), (40, 306), (40, 307), (40, 308), (40, 309), (40, 310), (40, 311), (40, 312), (40, 313), (40, 314), (40, 315), (40, 316), (40, 317), (40, 318), (40, 319), (40, 320), (40, 321), (40, 322), (40, 323), (40, 324), (40, 325), (40, 326), (40, 327), (40, 328), (40, 329), (40, 330), (40, 331), (40, 332), (40, 333), (40, 334), (40, 335), (40, 336), (40, 337), (40, 338), (40, 339), (40, 340), (40, 341), (40, 342), (40, 343), (40, 344), (40, 345), (40, 346), (40, 347), (40, 348), (40, 349), (40, 350), (40, 351), (40, 352), (40, 353), (40, 354), (40, 355), (40, 356), (40, 357), (40, 358), (40, 359), (40, 360), (40, 361), (40, 362), (40, 363), (40, 364), (40, 365), (40, 366), (40, 367), (40, 368), (40, 369), (40, 370), (40, 371), (40, 372), (40, 373), (40, 374), (40, 375), (40, 376), (40, 377), (40, 378), (40, 379), (40, 380), (40, 381), (40, 382), (40, 383), (40, 384), (40, 385), (40, 386), (40, 387), (40, 388), (40, 389), (40, 390), (40, 391), (40, 392), (40, 393), (40, 394), (40, 395), (40, 396), (40, 397), (40, 398), (40, 399), (40, 400), (40, 401), (40, 402), (40, 403), (40, 404), (40, 405), (40, 406), (40, 407), (40, 408), (40, 409), (40, 410), (40, 411), (40, 412), (40, 413), (40, 414), (40, 415), (40, 416), (40, 417), (40, 418), (40, 419), (40, 420), (40, 421), (40, 422), (40, 423), (40, 424), (40, 425), (40, 426), (40, 427), (40, 428), (40, 429), (40, 430), (40, 431), (40, 432), (40, 433), (40, 434), (40, 435), (40, 436), (40, 437), (40, 438), (40, 439), (40, 440), (40, 441), (40, 442), (40, 443), (40, 444), (40, 445), (40, 446), (40, 447), (40, 448), (40, 449), (40, 450), (40, 451), (40, 452), (40, 453), (40, 454), (40, 455), (40, 456), (40, 457), (40, 458), (40, 459), (40, 460), (40, 461), (40, 949), (40, 463), (40, 464), (40, 981), (40, 509), (40, 667), (40, 543), (40, 469), (40, 470), (40, 988), (40, 997), (40, 939), (40, 474), (40, 970), (40, 877), (40, 615), (40, 478), (40, 879), (40, 480), (40, 481), (40, 482), (40, 943), (40, 865), (40, 936), (40, 486), (40, 766), (40, 488), (40, 782), (40, 490), (40, 491), (40, 859), (40, 978), (40, 998), (40, 669), (40, 905), (40, 703), (40, 498), (40, 787), (40, 917), (40, 670), (40, 671), (40, 709), (40, 504), (40, 653), (40, 634), (40, 728), (40, 508), (40, 786), (40, 599), (40, 613), (40, 822), (40, 646), (40, 819), (40, 523), (40, 927), (40, 686), (40, 518), (40, 810), (40, 707), (40, 863), (40, 609), (40, 465), (40, 964), (40, 617), (40, 540), (40, 527), (40, 811), (40, 846), (40, 530), (40, 485), (40, 591), (40, 533), (40, 690), (40, 567), (40, 536), (40, 801), (40, 538), (40, 539), (40, 933), (40, 937), (40, 558), (40, 598), (40, 544), (40, 793), (40, 833), (40, 547), (40, 548), (40, 852), (40, 550), (40, 871), (40, 956), (40, 553), (40, 896), (40, 947), (40, 556), (40, 524), (40, 693), (40, 559), (40, 844), (40, 561), (40, 991), (40, 554), (40, 564), (40, 809), (40, 990), (40, 776), (40, 965), (40, 569), (40, 808), (40, 571), (40, 710), (40, 804), (40, 765), (40, 735), (40, 987), (40, 999), (40, 577), (40, 493), (40, 580), (40, 740), (40, 976), (40, 800), (40, 838), (40, 767), (40, 982), (40, 959), (40, 971), (40, 589), (40, 639), (40, 944), (40, 516), (40, 906), (40, 904), (40, 938), (40, 736), (40, 870), (40, 968), (40, 967), (40, 600), (40, 700), (40, 602), (40, 745), (40, 507), (40, 705), (40, 845), (40, 675), (40, 608), (40, 698), (40, 725), (40, 792), (40, 652), (40, 489), (40, 876), (40, 915), (40, 696), (40, 785), (40, 980), (40, 918), (40, 895), (40, 894), (40, 989), (40, 789), (40, 880), (40, 992), (40, 626), (40, 914), (40, 562), (40, 656), (40, 966), (40, 471), (40, 794), (40, 633), (40, 996), (40, 757), (40, 780), (40, 986), (40, 688), (40, 836), (40, 824), (40, 930), (40, 948), (40, 702), (40, 517), (40, 796), (40, 655), (40, 784), (40, 525), (40, 886), (40, 697), (40, 733), (40, 500), (40, 737), (40, 654), (40, 758), (40, 674), (40, 856), (40, 640), (40, 659), (40, 803), (40, 645), (40, 677), (40, 648), (40, 928), (40, 673), (40, 884), (40, 631), (40, 603), (40, 610), (40, 795), (40, 718), (40, 462), (40, 878), (40, 546), (40, 588), (40, 708), (40, 475), (40, 676), (40, 682), (40, 632), (40, 866), (40, 565), (40, 570), (40, 572), (40, 729), (40, 560), (40, 664), (40, 625), (40, 514), (40, 899), (40, 691), (40, 692), (40, 783), (40, 555), (40, 701), (40, 494), (40, 499), (40, 830), (40, 802)]
Residuals
[3.365178300501426e-15, 1.9430243552673234e-15, 1.9230725758618335e-15]
40
[0, 1, 2, 3, 4, 5, 6, 7, 8, 9, 10, 11, 12, 13, 14, 15, 16, 17, 18, 19, 20, 21, 22, 23, 24, 25, 26, 27, 28, 29, 30, 31, 32, 33, 34, 35, 36, 37, 38, 39, 40, 41, 42, 43, 44, 45, 46, 47, 48, 49, 50, 51, 52, 53, 54, 55, 56, 57, 58, 59, 60, 61, 62, 63, 64, 65, 66, 67, 68, 69, 70, 71, 72, 73, 74, 75, 76, 77, 78, 79, 80, 81, 82, 83, 84, 85, 86, 87, 88, 89, 90, 91, 92, 93, 94, 95, 96, 97, 98, 99, 100, 101, 102, 103, 104, 105, 106, 107, 108, 109, 110, 111, 112, 113, 114, 115, 116, 117, 118, 119, 120, 121, 122, 123, 124, 125, 126, 127, 128, 129, 130, 131, 132, 133, 134, 135, 136, 137, 138, 139, 140, 141, 142, 143, 144, 145, 146, 147, 148, 149, 150, 151, 152, 153, 154, 155, 156, 157, 158, 159, 160, 161, 162, 163, 164, 165, 166, 167, 168, 169, 170, 171, 172, 173, 174, 175, 176, 177, 178, 179, 180, 181, 182, 183, 184, 185, 186, 187, 188, 189, 190, 191, 192, 193, 194, 195, 196, 197, 198, 199, 200, 201, 202, 203, 204, 205, 206, 207, 208, 209, 210, 211, 212, 213, 214, 215, 216, 217, 218, 219, 220, 221, 222, 223, 224, 225, 226, 227, 228, 229, 230, 231, 232, 233, 234, 235, 236, 237, 238, 239, 240, 241, 242, 243, 244, 245, 246, 247, 248, 249, 250, 251, 252, 253, 254, 255, 256, 257, 258, 259, 260, 261, 262, 263, 264, 265, 266, 267, 268, 269, 270, 271, 272, 273, 274, 275, 276, 277, 278, 279, 280, 281, 282, 283, 284, 285, 286, 287, 288, 289, 290, 291, 292, 293, 294, 295, 296, 297, 298, 299, 300, 301, 302, 303, 304, 305, 306, 307, 308, 309, 310, 311, 312, 313, 314, 315, 316, 317, 318, 319, 320, 321, 322, 323, 324, 325, 326, 327, 328, 329, 330, 331, 332, 333, 334, 335, 336, 337, 338, 339, 340, 341, 342, 343, 344, 345, 346, 347, 348, 349, 350, 351, 352, 353, 354, 355, 356, 357, 358, 359, 360, 361, 362, 363, 364, 365, 366, 367, 368, 369, 370, 371, 372, 373, 374, 375, 376, 377, 378, 379, 380, 381, 382, 383, 384, 385, 386, 387, 388, 389, 390, 391, 392, 393, 394, 395, 396, 397, 398, 399, 400, 401, 402, 403, 404, 405, 406, 407, 408, 409, 410, 411, 412, 413, 414, 415, 416, 417, 418, 419, 420, 421, 422, 423, 424, 425, 426, 427, 428, 429, 430, 431, 432, 433, 434, 435, 436, 437, 438, 439, 440, 441, 442, 443, 444, 445, 446, 447, 448, 449, 450, 451, 452, 453, 454, 455, 456, 457, 458, 459, 460, 461, 949, 463, 464, 981, 509, 667, 543, 469, 470, 988, 997, 939, 474, 970, 877, 615, 478, 879, 480, 481, 482, 943, 865, 936, 486, 766, 488, 782, 490, 491, 859, 978, 998, 669, 905, 703, 498, 787, 917, 670, 671, 709, 504, 653, 634, 728, 508, 786, 599, 613, 822, 646, 819, 523, 927, 686, 518, 810, 707, 863, 609, 465, 964, 617, 540, 527, 811, 846, 530, 485, 591, 533, 690, 567, 536, 801, 538, 539, 933, 937, 558, 598, 544, 793, 833, 547, 548, 852, 550, 871, 956, 553, 896, 947, 556, 524, 693, 559, 844, 561, 991, 554, 564, 809, 990, 776, 965, 569, 808, 571, 710, 804, 765, 735, 987, 999, 577, 493, 580, 740, 976, 800, 838, 767, 982, 959, 971, 589, 639, 944, 516, 906, 904, 938, 736, 870, 968, 967, 600, 700, 602, 745, 507, 705, 845, 675, 608, 698, 725, 792, 652, 489, 876, 915, 696, 785, 980, 918, 895, 894, 989, 789, 880, 992, 626, 914, 562, 656, 966, 471, 794, 633, 996, 757, 780, 986, 688, 836, 824, 930, 948, 702, 517, 796, 655, 784, 525, 886, 697, 733, 500, 737, 654, 758, 674, 856, 640, 659, 803, 645, 677, 648, 928, 673, 884, 631, 603, 610, 795, 718, 462, 878, 546, 588, 708, 475, 676, 682, 632, 866, 565, 570, 572, 729, 560, 664, 625, 514, 899, 691, 692, 783, 555, 701, 494, 499, 830, 802]
Epoch
41
Epoch time
109.16726589202881
Epoch 41, Loss 7.060670009559544e-05
Epoch
42
Epoch time
109.30986189842224
Epoch 42, Loss 6.808693216044048e-05
Epoch
43
Epoch time
108.87516498565674
Epoch 43, Loss 6.575397247070214e-05
Epoch
44
Epoch time
108.77829957008362
Epoch 44, Loss 6.358376996649894e-05
Epoch
45
Epoch time
108.83360743522644
Epoch 45, Loss 6.156164881394943e-05
Epoch
46
Epoch time
108.8330807685852
Epoch 46, Loss 5.967045035686169e-05
Epoch
47
Epoch time
108.83693599700928
Epoch 47, Loss 5.789862477831775e-05
Epoch
48
Epoch time
108.97973322868347
Epoch 48, Loss 5.623533205289277e-05
Epoch
49
Epoch time
108.87940192222595
Epoch 49, Loss 5.4670235094818053e-05
Epoch
50
Epoch time
108.86542916297913
Epoch 50, Loss 5.319379897991894e-05
Epoch
51
Epoch time
108.98475575447083
Epoch 51, Loss 5.17997617207584e-05
Epoch
52
Epoch time
108.8785994052887
Epoch 52, Loss 5.048172862734645e-05
Epoch
53
Epoch time
110.92631793022156
Epoch 53, Loss 4.923106737805938e-05
Epoch
54
Epoch time
109.06389904022217
Epoch 54, Loss 4.804485862950969e-05
Epoch
55
Epoch time
108.99963450431824
Epoch 55, Loss 4.691685520447209e-05
Epoch
56
Epoch time
109.41215705871582
Epoch 56, Loss 4.584332679951331e-05
Epoch
57
Epoch time
109.48138165473938
Epoch 57, Loss 4.482009687308164e-05
Epoch
58
Epoch time
109.07934880256653
Epoch 58, Loss 4.384280897102144e-05
Epoch
59
Epoch time
109.34545826911926
Epoch 59, Loss 4.2910526470222975e-05
Epoch
60
Epoch time
1655.0100002288818
Epoch 60, Loss 4.201781688971096e-05
Epoch 60
Selections count 700
Selections(Epoch, batch)
[(60, 0), (60, 1), (60, 2), (60, 3), (60, 4), (60, 5), (60, 6), (60, 7), (60, 8), (60, 9), (60, 10), (60, 11), (60, 12), (60, 13), (60, 14), (60, 15), (60, 16), (60, 17), (60, 18), (60, 19), (60, 20), (60, 21), (60, 22), (60, 23), (60, 24), (60, 25), (60, 26), (60, 27), (60, 28), (60, 29), (60, 30), (60, 31), (60, 32), (60, 33), (60, 34), (60, 35), (60, 36), (60, 37), (60, 38), (60, 39), (60, 40), (60, 41), (60, 42), (60, 43), (60, 44), (60, 45), (60, 46), (60, 47), (60, 48), (60, 49), (60, 50), (60, 51), (60, 52), (60, 53), (60, 54), (60, 55), (60, 56), (60, 57), (60, 58), (60, 59), (60, 60), (60, 61), (60, 62), (60, 63), (60, 64), (60, 65), (60, 66), (60, 67), (60, 68), (60, 69), (60, 70), (60, 71), (60, 72), (60, 73), (60, 74), (60, 75), (60, 76), (60, 77), (60, 78), (60, 79), (60, 80), (60, 81), (60, 82), (60, 83), (60, 84), (60, 85), (60, 86), (60, 87), (60, 88), (60, 89), (60, 90), (60, 91), (60, 92), (60, 93), (60, 94), (60, 95), (60, 96), (60, 97), (60, 98), (60, 99), (60, 100), (60, 101), (60, 102), (60, 103), (60, 104), (60, 105), (60, 106), (60, 107), (60, 108), (60, 109), (60, 110), (60, 111), (60, 112), (60, 113), (60, 114), (60, 115), (60, 116), (60, 117), (60, 118), (60, 119), (60, 120), (60, 121), (60, 122), (60, 123), (60, 124), (60, 125), (60, 126), (60, 127), (60, 128), (60, 129), (60, 130), (60, 131), (60, 132), (60, 133), (60, 134), (60, 135), (60, 136), (60, 137), (60, 138), (60, 139), (60, 140), (60, 141), (60, 142), (60, 143), (60, 144), (60, 145), (60, 146), (60, 147), (60, 148), (60, 149), (60, 150), (60, 151), (60, 152), (60, 153), (60, 154), (60, 155), (60, 156), (60, 157), (60, 158), (60, 159), (60, 160), (60, 161), (60, 162), (60, 163), (60, 164), (60, 165), (60, 166), (60, 167), (60, 168), (60, 169), (60, 170), (60, 171), (60, 172), (60, 173), (60, 174), (60, 175), (60, 176), (60, 177), (60, 178), (60, 179), (60, 180), (60, 181), (60, 182), (60, 183), (60, 184), (60, 185), (60, 186), (60, 187), (60, 188), (60, 189), (60, 190), (60, 191), (60, 192), (60, 193), (60, 194), (60, 195), (60, 196), (60, 197), (60, 198), (60, 199), (60, 200), (60, 201), (60, 202), (60, 203), (60, 204), (60, 205), (60, 206), (60, 207), (60, 208), (60, 209), (60, 210), (60, 211), (60, 212), (60, 213), (60, 214), (60, 215), (60, 216), (60, 217), (60, 218), (60, 219), (60, 220), (60, 221), (60, 222), (60, 223), (60, 224), (60, 225), (60, 226), (60, 227), (60, 228), (60, 229), (60, 230), (60, 231), (60, 232), (60, 233), (60, 234), (60, 235), (60, 236), (60, 237), (60, 238), (60, 239), (60, 240), (60, 241), (60, 242), (60, 243), (60, 244), (60, 245), (60, 246), (60, 247), (60, 248), (60, 249), (60, 250), (60, 251), (60, 252), (60, 253), (60, 254), (60, 255), (60, 256), (60, 257), (60, 258), (60, 259), (60, 260), (60, 261), (60, 262), (60, 263), (60, 264), (60, 265), (60, 266), (60, 267), (60, 268), (60, 269), (60, 270), (60, 271), (60, 272), (60, 273), (60, 274), (60, 275), (60, 276), (60, 277), (60, 278), (60, 279), (60, 280), (60, 281), (60, 282), (60, 283), (60, 284), (60, 285), (60, 286), (60, 287), (60, 288), (60, 289), (60, 290), (60, 291), (60, 292), (60, 293), (60, 294), (60, 295), (60, 296), (60, 297), (60, 298), (60, 299), (60, 300), (60, 301), (60, 302), (60, 303), (60, 304), (60, 305), (60, 306), (60, 307), (60, 308), (60, 309), (60, 310), (60, 311), (60, 312), (60, 313), (60, 314), (60, 315), (60, 316), (60, 317), (60, 318), (60, 319), (60, 320), (60, 321), (60, 322), (60, 323), (60, 324), (60, 325), (60, 326), (60, 327), (60, 328), (60, 329), (60, 330), (60, 331), (60, 332), (60, 333), (60, 334), (60, 335), (60, 336), (60, 337), (60, 338), (60, 339), (60, 340), (60, 341), (60, 342), (60, 343), (60, 344), (60, 345), (60, 346), (60, 347), (60, 348), (60, 349), (60, 350), (60, 351), (60, 352), (60, 353), (60, 354), (60, 355), (60, 356), (60, 357), (60, 358), (60, 359), (60, 360), (60, 361), (60, 362), (60, 363), (60, 364), (60, 365), (60, 366), (60, 367), (60, 368), (60, 369), (60, 370), (60, 371), (60, 372), (60, 373), (60, 374), (60, 375), (60, 376), (60, 377), (60, 378), (60, 379), (60, 380), (60, 381), (60, 382), (60, 383), (60, 384), (60, 385), (60, 386), (60, 387), (60, 388), (60, 389), (60, 390), (60, 391), (60, 392), (60, 393), (60, 394), (60, 395), (60, 396), (60, 397), (60, 398), (60, 399), (60, 400), (60, 401), (60, 402), (60, 403), (60, 404), (60, 405), (60, 406), (60, 407), (60, 408), (60, 409), (60, 410), (60, 411), (60, 412), (60, 413), (60, 414), (60, 415), (60, 416), (60, 417), (60, 418), (60, 419), (60, 420), (60, 421), (60, 422), (60, 423), (60, 424), (60, 425), (60, 426), (60, 427), (60, 428), (60, 429), (60, 430), (60, 431), (60, 432), (60, 433), (60, 434), (60, 435), (60, 436), (60, 437), (60, 438), (60, 439), (60, 440), (60, 441), (60, 442), (60, 443), (60, 444), (60, 445), (60, 446), (60, 447), (60, 448), (60, 449), (60, 450), (60, 451), (60, 452), (60, 453), (60, 454), (60, 455), (60, 456), (60, 694), (60, 458), (60, 996), (60, 460), (60, 706), (60, 746), (60, 463), (60, 464), (60, 981), (60, 509), (60, 976), (60, 962), (60, 469), (60, 470), (60, 988), (60, 997), (60, 939), (60, 474), (60, 970), (60, 877), (60, 615), (60, 478), (60, 805), (60, 480), (60, 481), (60, 482), (60, 943), (60, 865), (60, 936), (60, 486), (60, 766), (60, 488), (60, 782), (60, 490), (60, 491), (60, 859), (60, 978), (60, 998), (60, 669), (60, 905), (60, 703), (60, 498), (60, 889), (60, 917), (60, 670), (60, 671), (60, 709), (60, 504), (60, 653), (60, 634), (60, 728), (60, 508), (60, 768), (60, 681), (60, 613), (60, 822), (60, 646), (60, 819), (60, 523), (60, 927), (60, 686), (60, 518), (60, 810), (60, 707), (60, 863), (60, 983), (60, 465), (60, 964), (60, 617), (60, 540), (60, 527), (60, 811), (60, 846), (60, 530), (60, 485), (60, 591), (60, 533), (60, 690), (60, 567), (60, 536), (60, 788), (60, 538), (60, 539), (60, 933), (60, 937), (60, 994), (60, 598), (60, 535), (60, 793), (60, 833), (60, 547), (60, 548), (60, 715), (60, 550), (60, 871), (60, 956), (60, 553), (60, 896), (60, 947), (60, 556), (60, 524), (60, 693), (60, 559), (60, 844), (60, 561), (60, 991), (60, 847), (60, 564), (60, 643), (60, 663), (60, 620), (60, 965), (60, 569), (60, 808), (60, 571), (60, 710), (60, 804), (60, 765), (60, 735), (60, 987), (60, 932), (60, 577), (60, 493), (60, 580), (60, 740), (60, 975), (60, 800), (60, 838), (60, 767), (60, 982), (60, 959), (60, 971), (60, 589), (60, 639), (60, 944), (60, 774), (60, 906), (60, 904), (60, 938), (60, 736), (60, 870), (60, 968), (60, 967), (60, 600), (60, 700), (60, 602), (60, 745), (60, 999), (60, 820), (60, 845), (60, 995), (60, 608), (60, 698), (60, 725), (60, 792), (60, 942), (60, 489), (60, 876), (60, 915), (60, 696), (60, 785), (60, 980), (60, 907), (60, 895), (60, 894), (60, 716), (60, 789), (60, 880), (60, 747), (60, 626), (60, 902), (60, 607), (60, 656), (60, 741), (60, 471), (60, 794), (60, 633), (60, 893), (60, 821), (60, 780), (60, 797), (60, 688), (60, 836), (60, 824), (60, 732), (60, 948), (60, 702), (60, 630), (60, 796), (60, 655), (60, 784), (60, 525), (60, 886), (60, 697), (60, 733), (60, 500), (60, 737), (60, 654), (60, 758), (60, 674), (60, 856), (60, 640), (60, 659), (60, 657), (60, 645), (60, 781), (60, 648), (60, 928), (60, 673), (60, 466), (60, 631), (60, 603), (60, 610), (60, 795), (60, 718), (60, 462), (60, 878), (60, 546), (60, 588), (60, 708), (60, 475), (60, 597), (60, 651), (60, 744), (60, 754), (60, 528), (60, 570), (60, 572), (60, 472), (60, 560), (60, 664), (60, 712), (60, 514), (60, 635), (60, 479), (60, 841), (60, 783), (60, 555), (60, 581), (60, 494), (60, 499), (60, 830), (60, 802)]
Residuals
[3.365178300501426e-15, 1.9430243552673234e-15, 1.9230725758618335e-15, 2.1298678382825603e-15]
60
[0, 1, 2, 3, 4, 5, 6, 7, 8, 9, 10, 11, 12, 13, 14, 15, 16, 17, 18, 19, 20, 21, 22, 23, 24, 25, 26, 27, 28, 29, 30, 31, 32, 33, 34, 35, 36, 37, 38, 39, 40, 41, 42, 43, 44, 45, 46, 47, 48, 49, 50, 51, 52, 53, 54, 55, 56, 57, 58, 59, 60, 61, 62, 63, 64, 65, 66, 67, 68, 69, 70, 71, 72, 73, 74, 75, 76, 77, 78, 79, 80, 81, 82, 83, 84, 85, 86, 87, 88, 89, 90, 91, 92, 93, 94, 95, 96, 97, 98, 99, 100, 101, 102, 103, 104, 105, 106, 107, 108, 109, 110, 111, 112, 113, 114, 115, 116, 117, 118, 119, 120, 121, 122, 123, 124, 125, 126, 127, 128, 129, 130, 131, 132, 133, 134, 135, 136, 137, 138, 139, 140, 141, 142, 143, 144, 145, 146, 147, 148, 149, 150, 151, 152, 153, 154, 155, 156, 157, 158, 159, 160, 161, 162, 163, 164, 165, 166, 167, 168, 169, 170, 171, 172, 173, 174, 175, 176, 177, 178, 179, 180, 181, 182, 183, 184, 185, 186, 187, 188, 189, 190, 191, 192, 193, 194, 195, 196, 197, 198, 199, 200, 201, 202, 203, 204, 205, 206, 207, 208, 209, 210, 211, 212, 213, 214, 215, 216, 217, 218, 219, 220, 221, 222, 223, 224, 225, 226, 227, 228, 229, 230, 231, 232, 233, 234, 235, 236, 237, 238, 239, 240, 241, 242, 243, 244, 245, 246, 247, 248, 249, 250, 251, 252, 253, 254, 255, 256, 257, 258, 259, 260, 261, 262, 263, 264, 265, 266, 267, 268, 269, 270, 271, 272, 273, 274, 275, 276, 277, 278, 279, 280, 281, 282, 283, 284, 285, 286, 287, 288, 289, 290, 291, 292, 293, 294, 295, 296, 297, 298, 299, 300, 301, 302, 303, 304, 305, 306, 307, 308, 309, 310, 311, 312, 313, 314, 315, 316, 317, 318, 319, 320, 321, 322, 323, 324, 325, 326, 327, 328, 329, 330, 331, 332, 333, 334, 335, 336, 337, 338, 339, 340, 341, 342, 343, 344, 345, 346, 347, 348, 349, 350, 351, 352, 353, 354, 355, 356, 357, 358, 359, 360, 361, 362, 363, 364, 365, 366, 367, 368, 369, 370, 371, 372, 373, 374, 375, 376, 377, 378, 379, 380, 381, 382, 383, 384, 385, 386, 387, 388, 389, 390, 391, 392, 393, 394, 395, 396, 397, 398, 399, 400, 401, 402, 403, 404, 405, 406, 407, 408, 409, 410, 411, 412, 413, 414, 415, 416, 417, 418, 419, 420, 421, 422, 423, 424, 425, 426, 427, 428, 429, 430, 431, 432, 433, 434, 435, 436, 437, 438, 439, 440, 441, 442, 443, 444, 445, 446, 447, 448, 449, 450, 451, 452, 453, 454, 455, 456, 694, 458, 996, 460, 706, 746, 463, 464, 981, 509, 976, 962, 469, 470, 988, 997, 939, 474, 970, 877, 615, 478, 805, 480, 481, 482, 943, 865, 936, 486, 766, 488, 782, 490, 491, 859, 978, 998, 669, 905, 703, 498, 889, 917, 670, 671, 709, 504, 653, 634, 728, 508, 768, 681, 613, 822, 646, 819, 523, 927, 686, 518, 810, 707, 863, 983, 465, 964, 617, 540, 527, 811, 846, 530, 485, 591, 533, 690, 567, 536, 788, 538, 539, 933, 937, 994, 598, 535, 793, 833, 547, 548, 715, 550, 871, 956, 553, 896, 947, 556, 524, 693, 559, 844, 561, 991, 847, 564, 643, 663, 620, 965, 569, 808, 571, 710, 804, 765, 735, 987, 932, 577, 493, 580, 740, 975, 800, 838, 767, 982, 959, 971, 589, 639, 944, 774, 906, 904, 938, 736, 870, 968, 967, 600, 700, 602, 745, 999, 820, 845, 995, 608, 698, 725, 792, 942, 489, 876, 915, 696, 785, 980, 907, 895, 894, 716, 789, 880, 747, 626, 902, 607, 656, 741, 471, 794, 633, 893, 821, 780, 797, 688, 836, 824, 732, 948, 702, 630, 796, 655, 784, 525, 886, 697, 733, 500, 737, 654, 758, 674, 856, 640, 659, 657, 645, 781, 648, 928, 673, 466, 631, 603, 610, 795, 718, 462, 878, 546, 588, 708, 475, 597, 651, 744, 754, 528, 570, 572, 472, 560, 664, 712, 514, 635, 479, 841, 783, 555, 581, 494, 499, 830, 802]
Epoch
61
Epoch time
109.54790616035461
Epoch 61, Loss 4.116315899955225e-05
Epoch
62
Epoch time
109.00741076469421
Epoch 62, Loss 4.034428950944857e-05
Epoch
63
Epoch time
108.89489984512329
Epoch 63, Loss 3.9558596675306036e-05
Epoch
64
Epoch time
109.11613035202026
Epoch 64, Loss 3.8804116840765344e-05
Epoch
65
Epoch time
109.74993872642517
Epoch 65, Loss 3.8079244241998824e-05
Epoch
66
Epoch time
108.73335862159729
Epoch 66, Loss 3.738153662106924e-05
Epoch
67
Epoch time
109.01596307754517
Epoch 67, Loss 3.671021638638194e-05
Epoch
68
Epoch time
109.68449330329895
Epoch 68, Loss 3.6064235793674014e-05
Epoch
69
Epoch time
108.89872193336487
Epoch 69, Loss 3.5440800713331556e-05
Epoch
70
Epoch time
108.81821203231812
Epoch 70, Loss 3.4839500464840966e-05
Epoch
71
Epoch time
109.02456259727478
Epoch 71, Loss 3.4258905462593246e-05
Epoch
72
Epoch time
108.93914651870728
Epoch 72, Loss 3.369878869580134e-05
Epoch
73
Epoch time
108.95416569709778
Epoch 73, Loss 3.315657413531881e-05
Epoch
74
Epoch time
108.82590794563293
Epoch 74, Loss 3.2631779537950934e-05
Epoch
75
Epoch time
108.87445187568665
Epoch 75, Loss 3.2124971822668155e-05
Epoch
76
Epoch time
108.95935201644897
Epoch 76, Loss 3.1633811869141936e-05
Epoch
77
Epoch time
109.39858746528625
Epoch 77, Loss 3.115861072637927e-05
Epoch
78
Epoch time
108.95205426216125
Epoch 78, Loss 3.069715010951768e-05
Epoch
79
Epoch time
109.18415856361389
Epoch 79, Loss 3.025011848149006e-05
Epoch
80
